<?xml version="1.0" encoding="UTF-8"?>
<!-- Generated by org.testng.reporters.JUnitXMLReporter -->
<testsuite hostname="DMS" name="Test" tests="6" failures="2" timestamp="10 Jun 2018 03:14:40 GMT" time="0.1" errors="0">
  <testcase name="functionality1Test1" time="0.007" classname="com.extent.Functionality1"/>
  <testcase name="functionality1Test2" time="0.003" classname="com.extent.Functionality1"/>
  <testcase name="functionality1Test3" time="0.002" classname="com.extent.Functionality1"/>
  <testcase name="functionality2Test1" time="0.004" classname="com.extent.Functionality2"/>
  <testcase name="functionality2Test2" time="0.002" classname="com.extent.Functionality2">
    <failure type="java.lang.AssertionError" message="expected [Singh] but found [Ashwani]">
      <![CDATA[java.lang.AssertionError: expected [Singh] but found [Ashwani]
	at com.extent.Functionality2.functionality2Test2(Functionality2.java:30)
... Removed 30 stack frames]]>
    </failure>
  </testcase> <!-- functionality2Test2 -->
  <testcase name="functionality2Test3" time="0.003" classname="com.extent.Functionality2">
    <failure type="java.lang.AssertionError" message="null">
      <![CDATA[java.lang.AssertionError: null
	at com.extent.Functionality2.functionality2Test3(Functionality2.java:36)
... Removed 27 stack frames]]>
    </failure>
  </testcase> <!-- functionality2Test3 -->
</testsuite> <!-- Test -->
